<?xml version="1.0" encoding="UTF-8"?>
<testsuite name="com.mygdx.tests.MovementTests" tests="1" skipped="0" failures="0" errors="0" timestamp="2022-03-11T10:02:04" hostname="SURFACEBOOK" time="0.004">
  <properties/>
  <testcase name="simpleTest" classname="com.mygdx.tests.MovementTests" time="0.004"/>
  <system-out><![CDATA[]]></system-out>
  <system-err><![CDATA[]]></system-err>
</testsuite>
